[debug] [2022-04-14T10:29:15.559Z] ----------------------------------------------------------------------
[debug] [2022-04-14T10:29:15.560Z] Command:       C:\Program Files\nodejs\node.exe C:\Program Files\nodejs\node_modules\firebase-tools\lib\bin\firebase.js serve --only functions
[debug] [2022-04-14T10:29:15.561Z] CLI Version:   10.6.0
[debug] [2022-04-14T10:29:15.561Z] Platform:      win32
[debug] [2022-04-14T10:29:15.561Z] Node Version:  v16.14.0
[debug] [2022-04-14T10:29:15.562Z] Time:          Thu Apr 14 2022 11:29:15 GMT+0100 (British Summer Time)
[debug] [2022-04-14T10:29:15.562Z] ----------------------------------------------------------------------
[debug] 
[debug] [2022-04-14T10:29:15.616Z] > command requires scopes: ["email","openid","https://www.googleapis.com/auth/cloudplatformprojects.readonly","https://www.googleapis.com/auth/firebase","https://www.googleapis.com/auth/cloud-platform"]
[debug] [2022-04-14T10:29:15.616Z] > authorizing via signed-in user (sewellrf@gmail.com)
[debug] [2022-04-14T10:29:15.616Z] [iam] checking project vampire-research for permissions ["firebase.projects.get"]
[debug] [2022-04-14T10:29:15.617Z] > refreshing access token with scopes: []
[debug] [2022-04-14T10:29:15.618Z] >>> HTTP REQUEST POST https://www.googleapis.com/oauth2/v3/token  
 <request body omitted>
[debug] [2022-04-14T10:29:15.719Z] <<< HTTP RESPONSE 200 {"cache-control":"no-cache, no-store, max-age=0, must-revalidate","expires":"Mon, 01 Jan 1990 00:00:00 GMT","date":"Thu, 14 Apr 2022 10:29:14 GMT","pragma":"no-cache","content-type":"application/json; charset=utf-8","vary":"X-Origin, Referer, Origin,Accept-Encoding","server":"scaffolding on HTTPServer2","x-xss-protection":"0","x-frame-options":"SAMEORIGIN","x-content-type-options":"nosniff","alt-svc":"h3=\":443\"; ma=2592000,h3-29=\":443\"; ma=2592000,h3-Q050=\":443\"; ma=2592000,h3-Q046=\":443\"; ma=2592000,h3-Q043=\":443\"; ma=2592000,quic=\":443\"; ma=2592000; v=\"46,43\"","accept-ranges":"none","transfer-encoding":"chunked"}
[debug] [2022-04-14T10:29:15.730Z] >>> [apiv2][query] POST https://cloudresourcemanager.googleapis.com/v1/projects/vampire-research:testIamPermissions [none]
[debug] [2022-04-14T10:29:15.731Z] >>> [apiv2][body] POST https://cloudresourcemanager.googleapis.com/v1/projects/vampire-research:testIamPermissions {"permissions":["firebase.projects.get"]}
[debug] [2022-04-14T10:29:15.934Z] <<< [apiv2][status] POST https://cloudresourcemanager.googleapis.com/v1/projects/vampire-research:testIamPermissions 200
[debug] [2022-04-14T10:29:15.934Z] <<< [apiv2][body] POST https://cloudresourcemanager.googleapis.com/v1/projects/vampire-research:testIamPermissions {"permissions":["firebase.projects.get"]}
[debug] [2022-04-14T10:29:15.935Z] >>> [apiv2][query] GET https://firebase.googleapis.com/v1beta1/projects/vampire-research [none]
[debug] [2022-04-14T10:29:16.211Z] <<< [apiv2][status] GET https://firebase.googleapis.com/v1beta1/projects/vampire-research 200
[debug] [2022-04-14T10:29:16.212Z] <<< [apiv2][body] GET https://firebase.googleapis.com/v1beta1/projects/vampire-research {"projectId":"vampire-research","projectNumber":"444693724107","displayName":"VAMPIRE Research","name":"projects/vampire-research","resources":{"hostingSite":"vampire-research","realtimeDatabaseInstance":"vampire-research-default-rtdb","storageBucket":"vampire-research.appspot.com","locationId":"europe-west"},"state":"ACTIVE"}
[info] +  functions: Using node@16 from host. {"metadata":{"emulator":{"name":"functions"},"message":"Using node@16 from host."}}
[debug] [2022-04-14T10:29:16.218Z] defaultcredentials: writing to file C:\Users\Ramsay\AppData\Roaming\firebase\sewellrf_gmail_com_application_default_credentials.json
[debug] [2022-04-14T10:29:16.219Z] Setting GAC to C:\Users\Ramsay\AppData\Roaming\firebase\sewellrf_gmail_com_application_default_credentials.json {"metadata":{"emulator":{"name":"functions"},"message":"Setting GAC to C:\\Users\\Ramsay\\AppData\\Roaming\\firebase\\sewellrf_gmail_com_application_default_credentials.json"}}
[debug] [2022-04-14T10:29:16.220Z] >>> [apiv2][query] GET https://firebase.googleapis.com/v1beta1/projects/vampire-research/adminSdkConfig [none]
[debug] [2022-04-14T10:29:16.560Z] <<< [apiv2][status] GET https://firebase.googleapis.com/v1beta1/projects/vampire-research/adminSdkConfig 200
[debug] [2022-04-14T10:29:16.561Z] <<< [apiv2][body] GET https://firebase.googleapis.com/v1beta1/projects/vampire-research/adminSdkConfig {"projectId":"vampire-research","databaseURL":"https://vampire-research-default-rtdb.europe-west1.firebasedatabase.app","storageBucket":"vampire-research.appspot.com","locationId":"europe-west"}
[info] i  functions: Watching "C:\Users\Ramsay\Documents\Web\vampire-website\functions" for Cloud Functions... {"metadata":{"emulator":{"name":"functions"},"message":"Watching \"C:\\Users\\Ramsay\\Documents\\Web\\vampire-website\\functions\" for Cloud Functions..."}}
[debug] [2022-04-14T10:29:16.576Z] Validating nodejs source
[warn] !  functions: package.json indicates an outdated version of firebase-functions. Please upgrade using npm install --save firebase-functions@latest in your functions directory. 
[debug] [2022-04-14T10:29:18.861Z] > [functions] package.json contents: {
  "name": "functions",
  "description": "Cloud Functions for Firebase",
  "scripts": {
    "serve": "firebase emulators:start --only functions",
    "shell": "firebase functions:shell",
    "start": "npm run shell",
    "deploy": "firebase deploy --only functions",
    "logs": "firebase functions:log"
  },
  "engines": {
    "node": "16"
  },
  "main": "index.js",
  "dependencies": {
    "axios": "^0.26.0",
    "firebase-admin": "^9.8.0",
    "firebase-functions": "^3.14.1",
    "google-auth-library": "^7.14.0",
    "tinify": "^1.6.1",
    "uuid-by-string": "^3.0.6"
  },
  "devDependencies": {
    "firebase-functions-test": "^0.2.0"
  },
  "private": true
}
[debug] [2022-04-14T10:29:18.862Z] Building nodejs source
[debug] [2022-04-14T10:29:18.862Z] Analyzing nodejs backend spec
[info] +  functions[europe-west2-fetch]: http function initialized (http://localhost:5000/vampire-research/europe-west2/fetch). {"metadata":{"emulator":{"name":"functions"},"message":"\u001b[1mhttp\u001b[22m function initialized (http://localhost:5000/vampire-research/europe-west2/fetch)."}}
[info] +  functions[europe-west2-update]: http function initialized (http://localhost:5000/vampire-research/europe-west2/update). {"metadata":{"emulator":{"name":"functions"},"message":"\u001b[1mhttp\u001b[22m function initialized (http://localhost:5000/vampire-research/europe-west2/update)."}}
[info] +  functions[europe-west2-create]: http function initialized (http://localhost:5000/vampire-research/europe-west2/create). {"metadata":{"emulator":{"name":"functions"},"message":"\u001b[1mhttp\u001b[22m function initialized (http://localhost:5000/vampire-research/europe-west2/create)."}}
[info] +  functions[europe-west2-upload]: http function initialized (http://localhost:5000/vampire-research/europe-west2/upload). {"metadata":{"emulator":{"name":"functions"},"message":"\u001b[1mhttp\u001b[22m function initialized (http://localhost:5000/vampire-research/europe-west2/upload)."}}
[info] +  functions[europe-west2-get_token]: http function initialized (http://localhost:5000/vampire-research/europe-west2/get_token). {"metadata":{"emulator":{"name":"functions"},"message":"\u001b[1mhttp\u001b[22m function initialized (http://localhost:5000/vampire-research/europe-west2/get_token)."}}
